<?xml version="1.0" encoding="UTF-8"?>
<!-- Generated by org.testng.reporters.JUnitXMLReporter -->
<testsuite ignored="1" hostname="Ishan-Verma" failures="1" tests="1" name="Default test(failed)" time="6.028" errors="0" timestamp="2024-03-09T17:29:49 EST">
  <testcase classname="com.Formy.pages.DataProviderTest" name="testinputFields" time="0.75">
    <failure type="java.lang.IllegalArgumentException" message="Keys to send should be a not null CharSequence">
      <![CDATA[java.lang.IllegalArgumentException: Keys to send should be a not null CharSequence
at org.openqa.selenium.remote.RemoteWebElement.sendKeys(RemoteWebElement.java:96)
at com.Formy.pages.DataProviderTest.testinputFields(DataProviderTest.java:70)
at java.base/java.util.ArrayList.forEach(ArrayList.java:1596)
... Removed 25 stack frames]]>
    </failure>
  </testcase> <!-- testinputFields -->
  <testcase classname="com.Formy.pages.DataProviderTest" name="testAjaxform" time="0.0">
    <ignored/>
  </testcase> <!-- testAjaxform -->
</testsuite> <!-- Default test(failed) -->
