<?xml version="1.0" encoding="UTF-8"?>
<!-- Generated by org.testng.reporters.JUnitXMLReporter -->
<testsuite ignored="0" hostname="Ishan-Verma" failures="0" tests="3" name="Test Autocomplete page" time="10.044" errors="0" timestamp="2024-03-08T16:43:16 EST">
  <testcase classname="com.Formy.pages.ParallelTesting" name="TestCheckbox" time="1.18"/>
  <testcase classname="com.Formy.pages.ParallelTesting2" name="TestRadioBtn" time="0.847"/>
  <testcase classname="com.Formy.pages.ParallelTesting" name="test_Datepicker" time="3.274"/>
</testsuite> <!-- Test Autocomplete page -->
